[ 2017-08-25T11:56:12+08:00 ] 111.200.255.67 /index.php?g=headmaster&m=act&a=attend
INFO: [ app_begin ] --START--
INFO: Run Behavior\ReadHtmlCacheBehavior [ RunTime:0.000613s ]
INFO: Run Behavior\CheckLangBehavior [ RunTime:0.000930s ]
INFO: Run Common\Behavior\UrldecodeGetBehavior [ RunTime:0.000496s ]
INFO: [ app_begin ] --END-- [ RunTime:0.002547s ]
INFO: [ admin_begin ] --START--
INFO: Run Common\Behavior\AdminDefaultLangBehavior [ RunTime:0.001184s ]
INFO: [ admin_begin ] --END-- [ RunTime:0.001289s ]
SQL: SHOW COLUMNS FROM `cmf_users` [ RunTime:0.0025s ]
SQL: SELECT * FROM `cmf_users` WHERE `id` = '5' LIMIT 1   [ RunTime:0.0005s ]
SQL: SHOW COLUMNS FROM `cmf_role_user` [ RunTime:0.0016s ]
SQL: SELECT `role_id` FROM cmf_role_user a INNER JOIN cmf_role as b on a.role_id =b.id  WHERE `user_id` = '5' AND `status` = 1  [ RunTime:0.0005s ]
SQL: SHOW COLUMNS FROM `cmf_auth_access` [ RunTime:0.0116s ]
SQL: SELECT * FROM cmf_auth_access a INNER JOIN cmf_auth_rule as b on a.rule_name =b.name  WHERE a.role_id IN ('4') AND b.name IN ('headmaster/act/attend')  [ RunTime:0.0007s ]
SQL: SHOW COLUMNS FROM `cmf_act_user` [ RunTime:0.0017s ]
SQL: SELECT * FROM `cmf_act_user` WHERE `act_id` = 3  [ RunTime:0.0004s ]
SQL: SHOW COLUMNS FROM `cmf_act` [ RunTime:0.0021s ]
SQL: SELECT `num` FROM `cmf_act` WHERE `id` = 3 LIMIT 1   [ RunTime:0.0003s ]
SQL: SELECT * FROM `cmf_act_user` WHERE `act_id` = 3 AND `num` = 90 AND `comments` = '12sdsf' AND `userid` = 5 LIMIT 1   [ RunTime:0.0003s ]
NOTIC: [8] Undefined index: validate E:\website\a.aotuedu.com\simplewind\Core\Library\Think\Model.class.php 第 1185 行.
NOTIC: [8] Undefined index: auto E:\website\a.aotuedu.com\simplewind\Core\Library\Think\Model.class.php 第 1128 行.
SQL: INSERT INTO `cmf_act_user` (`act_id`,`num`,`comments`,`userid`,`time`) VALUES ('3','90','12sdsf','5','1503633372') [ RunTime:0.0032s ]
NOTIC: [8] Undefined index: url E:\website\a.aotuedu.com\application\Common\Controller\AppframeController.class.php 第 22 行.

[ 2017-08-25T12:03:37+08:00 ] 111.200.255.67 /index.php?g=headmaster&m=act&a=attend
INFO: [ app_begin ] --START--
INFO: Run Behavior\ReadHtmlCacheBehavior [ RunTime:0.000571s ]
INFO: Run Behavior\CheckLangBehavior [ RunTime:0.000724s ]
INFO: Run Common\Behavior\UrldecodeGetBehavior [ RunTime:0.000255s ]
INFO: [ app_begin ] --END-- [ RunTime:0.002029s ]
INFO: [ admin_begin ] --START--
INFO: Run Common\Behavior\AdminDefaultLangBehavior [ RunTime:0.000856s ]
INFO: [ admin_begin ] --END-- [ RunTime:0.000941s ]
SQL: SHOW COLUMNS FROM `cmf_users` [ RunTime:0.0024s ]
SQL: SELECT * FROM `cmf_users` WHERE `id` = '5' LIMIT 1   [ RunTime:0.0008s ]
SQL: SHOW COLUMNS FROM `cmf_role_user` [ RunTime:0.0016s ]
SQL: SELECT `role_id` FROM cmf_role_user a INNER JOIN cmf_role as b on a.role_id =b.id  WHERE `user_id` = '5' AND `status` = 1  [ RunTime:0.0004s ]
SQL: SHOW COLUMNS FROM `cmf_auth_access` [ RunTime:0.0017s ]
SQL: SELECT * FROM cmf_auth_access a INNER JOIN cmf_auth_rule as b on a.rule_name =b.name  WHERE a.role_id IN ('4') AND b.name IN ('headmaster/act/attend')  [ RunTime:0.0007s ]
SQL: SHOW COLUMNS FROM `cmf_act_user` [ RunTime:0.0026s ]
SQL: SELECT * FROM `cmf_act_user` WHERE `act_id` = 3  [ RunTime:0.0005s ]
SQL: SHOW COLUMNS FROM `cmf_act` [ RunTime:0.0019s ]
SQL: SELECT `num` FROM `cmf_act` WHERE `id` = 3 LIMIT 1   [ RunTime:0.0003s ]

